<?xml version="1.0" encoding="UTF-8"?>
<!-- Generated by org.testng.reporters.JUnitReportReporter -->
<testsuite ignored="0" hostname="Maheshbabus-MacBook-Pro.local" failures="0" tests="1" name="tests.loginPageTest" time="9.452" errors="0" timestamp="17 Sep 2019 06:57:43 GMT" skipped="0">
  <testcase classname="tests.loginPageTest" name="login" time="9.452"/>
</testsuite> <!-- tests.loginPageTest -->
