<?xml version="1.0" encoding="UTF-8"?>
<!-- Generated by org.testng.reporters.JUnitReportReporter -->
<testsuite ignored="0" hostname="Maheshbabus-MacBook-Pro.local" failures="0" tests="1" name="tests.homePageTest" time="31.375" errors="0" timestamp="17 Sep 2019 05:06:44 GMT" skipped="0">
  <testcase classname="tests.homePageTest" name="verifyuser" time="31.375"/>
</testsuite> <!-- tests.homePageTest -->
