<?xml version="1.0" encoding="UTF-8"?>
<!-- Generated by org.testng.reporters.JUnitReportReporter -->
<testsuite ignored="0" hostname="Maheshbabus-MacBook-Pro.local" failures="0" tests="1" name="tests.javascriptExecutor" time="5.008" errors="0" timestamp="16 Sep 2019 10:32:33 GMT" skipped="0">
  <testcase classname="tests.javascriptExecutor" name="highlight" time="5.008"/>
</testsuite> <!-- tests.javascriptExecutor -->
