<?xml version="1.0" encoding="UTF-8"?>
<!-- Generated by org.testng.reporters.JUnitReportReporter -->
<testsuite ignored="0" hostname="Maheshbabus-MacBook-Pro.local" failures="0" tests="1" name="tests.loginPageTestUsingExcel" time="10.111" errors="0" timestamp="17 Sep 2019 07:16:45 GMT" skipped="0">
  <testcase classname="tests.loginPageTestUsingExcel" name="logintoappexcel" time="10.111"/>
</testsuite> <!-- tests.loginPageTestUsingExcel -->
