<?xml version="1.0" encoding="UTF-8"?>
<!-- Generated by org.testng.reporters.JUnitReportReporter -->
<testsuite ignored="1" hostname="Maheshbabus-MacBook-Pro.local" failures="0" tests="1" name="way2Autiomation.workingWithWebTable" time="4.207" errors="0" timestamp="19 Sep 2019 08:03:14 GMT" skipped="0">
  <testcase classname="way2Autiomation.workingWithWebTable" name="testheaders" time="4.207"/>
  <testcase classname="way2Autiomation.workingWithWebTable" name="autocomplete">
    <skipped/>
  </testcase> <!-- autocomplete -->
</testsuite> <!-- way2Autiomation.workingWithWebTable -->
