<?xml version="1.0" encoding="UTF-8"?>
<!-- Generated by org.testng.reporters.JUnitReportReporter -->
<testsuite ignored="0" hostname="Maheshbabus-MacBook-Pro.local" failures="0" tests="1" name="way2Autiomation.register1" time="3.833" errors="0" timestamp="19 Sep 2019 10:23:03 GMT" skipped="0">
  <testcase classname="way2Autiomation.register1" name="autocomplete" time="3.833"/>
</testsuite> <!-- way2Autiomation.register1 -->
