<?xml version="1.0" encoding="UTF-8"?>
<!-- Generated by org.testng.reporters.JUnitReportReporter -->
<testsuite ignored="0" hostname="Maheshbabus-MacBook-Pro.local" failures="0" tests="1" name="way2Autiomation.register" time="7.613" errors="0" timestamp="19 Sep 2019 05:57:58 GMT" skipped="0">
  <testcase classname="way2Autiomation.register" name="autocomplete" time="7.613"/>
</testsuite> <!-- way2Autiomation.register -->
